<?xml version="1.0" encoding="UTF-8"?>
<!-- Generated by org.testng.reporters.JUnitReportReporter -->
<testsuite hostname="DESKTOP-95B0UOS" failures="0" tests="1" name="com.orangehrm.admintab.testCases.TC_Addnewuser_003" time="5.893" errors="0" timestamp="13 Feb 2024 14:52:47 GMT" skipped="0">
  <testcase classname="com.orangehrm.admintab.testCases.TC_Addnewuser_003" name="AddnewSystemUser" time="5.893"/>
</testsuite> <!-- com.orangehrm.admintab.testCases.TC_Addnewuser_003 -->
