<?xml version="1.0" encoding="UTF-8"?>
<!-- Generated by org.testng.reporters.JUnitReportReporter -->
<testsuite hostname="DESKTOP-95B0UOS" failures="0" tests="1" name="com.orangehrm.admintab.testCases.TC_AddPayGrade" time="15.992" errors="0" timestamp="28 Apr 2024 07:23:18 GMT" skipped="0">
  <testcase classname="com.orangehrm.admintab.testCases.TC_AddPayGrade" name="AddPayGrade" time="15.992"/>
</testsuite> <!-- com.orangehrm.admintab.testCases.TC_AddPayGrade -->
