<?xml version="1.0" encoding="UTF-8"?>
<!-- Generated by org.testng.reporters.JUnitReportReporter -->
<testsuite hostname="DESKTOP-95B0UOS" failures="0" tests="1" name="com.orangehrm.admintab.testCases.TC_EditJobTitles" time="9.034" errors="0" timestamp="26 Feb 2024 14:49:05 GMT" skipped="0">
  <testcase classname="com.orangehrm.admintab.testCases.TC_EditJobTitles" name="EditJobTitle" time="9.034"/>
</testsuite> <!-- com.orangehrm.admintab.testCases.TC_EditJobTitles -->
