<?xml version="1.0" encoding="UTF-8"?>
<!-- Generated by org.testng.reporters.JUnitReportReporter -->
<testsuite hostname="DESKTOP-95B0UOS" failures="0" tests="1" name="com.orangehrm.testCases.TC_LoginTest_001" time="2.015" errors="0" timestamp="21 Feb 2024 07:41:06 GMT" skipped="0">
  <testcase classname="com.orangehrm.testCases.TC_LoginTest_001" name="loginTest" time="2.015"/>
</testsuite> <!-- com.orangehrm.testCases.TC_LoginTest_001 -->
