<?xml version="1.0" encoding="UTF-8"?>
<!-- Generated by org.testng.reporters.JUnitReportReporter -->
<testsuite hostname="DESKTOP-95B0UOS" failures="0" tests="5" name="com.orangehrm.testCases.TC_LoginDDT_002" time="16.690" errors="0" timestamp="21 Feb 2024 07:41:06 GMT" skipped="0">
  <testcase classname="com.orangehrm.testCases.TC_LoginDDT_002" name="loginDDT" time="3.155"/>
  <testcase classname="com.orangehrm.testCases.TC_LoginDDT_002" name="loginDDT" time="3.169"/>
  <testcase classname="com.orangehrm.testCases.TC_LoginDDT_002" name="loginDDT" time="3.181"/>
  <testcase classname="com.orangehrm.testCases.TC_LoginDDT_002" name="loginDDT" time="4.023"/>
  <testcase classname="com.orangehrm.testCases.TC_LoginDDT_002" name="loginDDT" time="3.162"/>
</testsuite> <!-- com.orangehrm.testCases.TC_LoginDDT_002 -->
